<?xml version="1.0" encoding="UTF-8"?>
<testng-results skipped="0" failed="1" total="2" passed="1">
  <reporter-output>
  </reporter-output>
  <suite name="Default suite" duration-ms="32430" started-at="2018-06-03T05:07:22Z" finished-at="2018-06-03T05:07:54Z">
    <groups>
    </groups>
    <test name="Default test" duration-ms="32430" started-at="2018-06-03T05:07:22Z" finished-at="2018-06-03T05:07:54Z">
      <class name="com.testersconnect.tests.BAT_Suite">
        <test-method status="PASS" signature="init()[pri:0, instance:com.testersconnect.tests.BAT_Suite@4883b407]" name="init" is-config="true" duration-ms="7220" started-at="2018-06-03T10:37:22Z" finished-at="2018-06-03T10:37:29Z">
          <reporter-output>
          </reporter-output>
        </test-method> <!-- init -->
        <test-method status="PASS" signature="verifyHSLogin()[pri:0, instance:com.testersconnect.tests.BAT_Suite@4883b407]" name="verifyHSLogin" duration-ms="10354" started-at="2018-06-03T10:37:29Z" finished-at="2018-06-03T10:37:39Z">
          <reporter-output>
          </reporter-output>
        </test-method> <!-- verifyHSLogin -->
        <test-method status="FAIL" signature="verifyCreateDeal()[pri:0, instance:com.testersconnect.tests.BAT_Suite@4883b407]" name="verifyCreateDeal" duration-ms="14841" started-at="2018-06-03T10:37:39Z" finished-at="2018-06-03T10:37:54Z">
          <exception class="org.openqa.selenium.support.ui.UnexpectedTagNameException">
            <message>
              <![CDATA[Element should have been "select" but was "div"
Build info: version: '3.12.0', revision: '7c6e0b3', time: '2018-05-08T14:04:26.12Z'
System info: host: 'ADMIN-PC', ip: '192.168.56.1', os.name: 'Windows 7', os.arch: 'amd64', os.version: '6.1', java.version: '1.8.0_152'
Driver info: driver.version: unknown]]>
            </message>
            <full-stacktrace>
              <![CDATA[org.openqa.selenium.support.ui.UnexpectedTagNameException: Element should have been "select" but was "div"
Build info: version: '3.12.0', revision: '7c6e0b3', time: '2018-05-08T14:04:26.12Z'
System info: host: 'ADMIN-PC', ip: '192.168.56.1', os.name: 'Windows 7', os.arch: 'amd64', os.version: '6.1', java.version: '1.8.0_152'
Driver info: driver.version: unknown
	at org.openqa.selenium.support.ui.Select.<init>(Select.java:47)
	at com.testersconnect.pagetasks.DealsPageActions.createDeal(DealsPageActions.java:22)
	at com.testersconnect.tests.BAT_Suite.verifyCreateDeal(BAT_Suite.java:23)
	at sun.reflect.NativeMethodAccessorImpl.invoke0(Native Method)
	at sun.reflect.NativeMethodAccessorImpl.invoke(Unknown Source)
	at sun.reflect.DelegatingMethodAccessorImpl.invoke(Unknown Source)
	at java.lang.reflect.Method.invoke(Unknown Source)
	at org.testng.internal.MethodInvocationHelper.invokeMethod(MethodInvocationHelper.java:80)
	at org.testng.internal.Invoker.invokeMethod(Invoker.java:714)
	at org.testng.internal.Invoker.invokeTestMethod(Invoker.java:901)
	at org.testng.internal.Invoker.invokeTestMethods(Invoker.java:1231)
	at org.testng.internal.TestMethodWorker.invokeTestMethods(TestMethodWorker.java:127)
	at org.testng.internal.TestMethodWorker.run(TestMethodWorker.java:111)
	at org.testng.TestRunner.privateRun(TestRunner.java:767)
	at org.testng.TestRunner.run(TestRunner.java:617)
	at org.testng.SuiteRunner.runTest(SuiteRunner.java:334)
	at org.testng.SuiteRunner.runSequentially(SuiteRunner.java:329)
	at org.testng.SuiteRunner.privateRun(SuiteRunner.java:291)
	at org.testng.SuiteRunner.run(SuiteRunner.java:240)
	at org.testng.SuiteRunnerWorker.runSuite(SuiteRunnerWorker.java:52)
	at org.testng.SuiteRunnerWorker.run(SuiteRunnerWorker.java:86)
	at org.testng.TestNG.runSuitesSequentially(TestNG.java:1198)
	at org.testng.TestNG.runSuitesLocally(TestNG.java:1123)
	at org.testng.TestNG.run(TestNG.java:1031)
	at org.testng.remote.AbstractRemoteTestNG.run(AbstractRemoteTestNG.java:114)
	at org.testng.remote.RemoteTestNG.initAndRun(RemoteTestNG.java:251)
	at org.testng.remote.RemoteTestNG.main(RemoteTestNG.java:77)
]]>
            </full-stacktrace>
          </exception> <!-- org.openqa.selenium.support.ui.UnexpectedTagNameException -->
          <reporter-output>
          </reporter-output>
        </test-method> <!-- verifyCreateDeal -->
        <test-method status="PASS" signature="cleanup()[pri:0, instance:com.testersconnect.tests.BAT_Suite@4883b407]" name="cleanup" is-config="true" duration-ms="0" started-at="2018-06-03T10:37:54Z" finished-at="2018-06-03T10:37:54Z">
          <reporter-output>
          </reporter-output>
        </test-method> <!-- cleanup -->
      </class> <!-- com.testersconnect.tests.BAT_Suite -->
    </test> <!-- Default test -->
  </suite> <!-- Default suite -->
</testng-results>
